This is pdfTeX, Version 3.14159265-2.6-1.40.20 (MiKTeX 2.9.7140 64-bit) (preloaded format=pdflatex 2019.8.22)  22 AUG 2019 19:10
entering extended mode
**./Lab01IN.tex
(Lab01IN.tex
LaTeX2e <2018-12-01>
("C:\Users\DEPIS01\AppData\Local\Programs\MiKTeX 2.9\tex/latex/base\article.cls
"
Document Class: article 2018/09/03 v1.4i Standard LaTeX document class
("C:\Users\DEPIS01\AppData\Local\Programs\MiKTeX 2.9\tex/latex/base\size12.clo"
File: size12.clo 2018/09/03 v1.4i Standard LaTeX file (size option)
)
\c@part=\count80
\c@section=\count81
\c@subsection=\count82
\c@subsubsection=\count83
\c@paragraph=\count84
\c@subparagraph=\count85
\c@figure=\count86
\c@table=\count87
\abovecaptionskip=\skip41
\belowcaptionskip=\skip42
\bibindent=\dimen102
)
("C:\Users\DEPIS01\AppData\Local\Programs\MiKTeX 2.9\tex/latex/base\inputenc.st
y"
Package: inputenc 2018/08/11 v1.3c Input encoding file
\inpenc@prehook=\toks14
\inpenc@posthook=\toks15
)
("C:\Users\DEPIS01\AppData\Local\Programs\MiKTeX 2.9\tex/generic/babel\babel.st
y"
Package: babel 2019/07/19 3.33 The Babel package

("C:\Users\DEPIS01\AppData\Local\Programs\MiKTeX 2.9\tex/generic/babel\switch.d
ef"
File: switch.def 2019/07/19 3.33 Babel switching mechanism
)
("C:\Users\DEPIS01\AppData\Local\Programs\MiKTeX 2.9\tex/latex/babel-spanish\sp
anish.ldf"
Language: spanish.ldf 2016/03/03 v5.0p Spanish support from the babel system

("C:\Users\DEPIS01\AppData\Local\Programs\MiKTeX 2.9\tex/generic/babel\babel.de
f"
File: babel.def 2019/07/19 3.33 Babel common definitions
\babel@savecnt=\count88
\U@D=\dimen103

("C:\Users\DEPIS01\AppData\Local\Programs\MiKTeX 2.9\tex/generic/babel\txtbabel
.def")
\bbl@dirlevel=\count89
)
\es@quottoks=\toks16
\es@quotdepth=\count90
Package babel Info: Making " an active character on input line 561.
Package babel Info: Making . an active character on input line 662.
Package babel Info: Making < an active character on input line 707.
Package babel Info: Making > an active character on input line 707.
))
("C:\Users\DEPIS01\AppData\Local\Programs\MiKTeX 2.9\tex/latex/graphics\graphic
x.sty"
Package: graphicx 2017/06/01 v1.1a Enhanced LaTeX Graphics (DPC,SPQR)

("C:\Users\DEPIS01\AppData\Local\Programs\MiKTeX 2.9\tex/latex/graphics\keyval.
sty"
Package: keyval 2014/10/28 v1.15 key=value parser (DPC)
\KV@toks@=\toks17
)
("C:\Users\DEPIS01\AppData\Local\Programs\MiKTeX 2.9\tex/latex/graphics\graphic
s.sty"
Package: graphics 2017/06/25 v1.2c Standard LaTeX Graphics (DPC,SPQR)

("C:\Users\DEPIS01\AppData\Local\Programs\MiKTeX 2.9\tex/latex/graphics\trig.st
y"
Package: trig 2016/01/03 v1.10 sin cos tan (DPC)
)
("C:\Users\DEPIS01\AppData\Local\Programs\MiKTeX 2.9\tex/latex/graphics-cfg\gra
phics.cfg"
File: graphics.cfg 2016/06/04 v1.11 sample graphics configuration
)
Package graphics Info: Driver file: pdftex.def on input line 99.

("C:\Users\DEPIS01\AppData\Local\Programs\MiKTeX 2.9\tex/latex/graphics-def\pdf
tex.def"
File: pdftex.def 2018/01/08 v1.0l Graphics/color driver for pdftex
))
\Gin@req@height=\dimen104
\Gin@req@width=\dimen105
)
("C:\Users\DEPIS01\AppData\Local\Programs\MiKTeX 2.9\tex/latex/geometry\geometr
y.sty"
Package: geometry 2018/04/16 v5.8 Page Geometry

("C:\Users\DEPIS01\AppData\Local\Programs\MiKTeX 2.9\tex/generic/oberdiek\ifpdf
.sty"
Package: ifpdf 2018/09/07 v3.3 Provides the ifpdf switch
)
("C:\Users\DEPIS01\AppData\Local\Programs\MiKTeX 2.9\tex/generic/oberdiek\ifvte
x.sty"
Package: ifvtex 2016/05/16 v1.6 Detect VTeX and its facilities (HO)
Package ifvtex Info: VTeX not detected.
)
("C:\Users\DEPIS01\AppData\Local\Programs\MiKTeX 2.9\tex/generic/ifxetex\ifxete
x.sty"
Package: ifxetex 2010/09/12 v0.6 Provides ifxetex conditional
)
\Gm@cnth=\count91
\Gm@cntv=\count92
\c@Gm@tempcnt=\count93
\Gm@bindingoffset=\dimen106
\Gm@wd@mp=\dimen107
\Gm@odd@mp=\dimen108
\Gm@even@mp=\dimen109
\Gm@layoutwidth=\dimen110
\Gm@layoutheight=\dimen111
\Gm@layouthoffset=\dimen112
\Gm@layoutvoffset=\dimen113
\Gm@dimlist=\toks18

("C:\Users\DEPIS01\AppData\Local\Programs\MiKTeX 2.9\tex/latex/geometry\geometr
y.cfg"))
("C:\Users\DEPIS01\AppData\Local\Programs\MiKTeX 2.9\tex/latex/float\float.sty"
Package: float 2001/11/08 v1.3d Float enhancements (AL)
\c@float@type=\count94
\float@exts=\toks19
\float@box=\box27
\@float@everytoks=\toks20
\@floatcapt=\box28
)
("C:\Users\DEPIS01\AppData\Local\Programs\MiKTeX 2.9\tex/latex/amsmath\amsmath.
sty"
Package: amsmath 2018/12/01 v2.17b AMS math features
\@mathmargin=\skip43

For additional information on amsmath, use the `?' option.

("C:\Users\DEPIS01\AppData\Local\Programs\MiKTeX 2.9\tex/latex/amsmath\amstext.
sty"
Package: amstext 2000/06/29 v2.01 AMS text

("C:\Users\DEPIS01\AppData\Local\Programs\MiKTeX 2.9\tex/latex/amsmath\amsgen.s
ty"
File: amsgen.sty 1999/11/30 v2.0 generic functions
\@emptytoks=\toks21
\ex@=\dimen114
))
("C:\Users\DEPIS01\AppData\Local\Programs\MiKTeX 2.9\tex/latex/amsmath\amsbsy.s
ty"
Package: amsbsy 1999/11/29 v1.2d Bold Symbols
\pmbraise@=\dimen115
)
("C:\Users\DEPIS01\AppData\Local\Programs\MiKTeX 2.9\tex/latex/amsmath\amsopn.s
ty"
Package: amsopn 2016/03/08 v2.02 operator names
)
\inf@bad=\count95
LaTeX Info: Redefining \frac on input line 223.
\uproot@=\count96
\leftroot@=\count97
LaTeX Info: Redefining \overline on input line 385.
\classnum@=\count98
\DOTSCASE@=\count99
LaTeX Info: Redefining \ldots on input line 482.
LaTeX Info: Redefining \dots on input line 485.
LaTeX Info: Redefining \cdots on input line 606.
\Mathstrutbox@=\box29
\strutbox@=\box30
\big@size=\dimen116
LaTeX Font Info:    Redeclaring font encoding OML on input line 729.
LaTeX Font Info:    Redeclaring font encoding OMS on input line 730.
\macc@depth=\count100
\c@MaxMatrixCols=\count101
\dotsspace@=\muskip10
\c@parentequation=\count102
\dspbrk@lvl=\count103
\tag@help=\toks22
\row@=\count104
\column@=\count105
\maxfields@=\count106
\andhelp@=\toks23
\eqnshift@=\dimen117
\alignsep@=\dimen118
\tagshift@=\dimen119
\tagwidth@=\dimen120
\totwidth@=\dimen121
\lineht@=\dimen122
\@envbody=\toks24
\multlinegap=\skip44
\multlinetaggap=\skip45
\mathdisplay@stack=\toks25
LaTeX Info: Redefining \[ on input line 2844.
LaTeX Info: Redefining \] on input line 2845.
)
("C:\Users\DEPIS01\AppData\Local\Programs\MiKTeX 2.9\tex/latex/oberdiek\stackre
l.sty"
Package: stackrel 2016/05/16 v1.3 Adding subscript option to stackrel (HO)

("C:\Users\DEPIS01\AppData\Local\Programs\MiKTeX 2.9\tex/generic/oberdiek\etexc
mds.sty"
Package: etexcmds 2016/05/16 v1.6 Avoid name clashes with e-TeX commands (HO)

("C:\Users\DEPIS01\AppData\Local\Programs\MiKTeX 2.9\tex/generic/oberdiek\infwa
rerr.sty"
Package: infwarerr 2016/05/16 v1.4 Providing info/warning/error messages (HO)
)
("C:\Users\DEPIS01\AppData\Local\Programs\MiKTeX 2.9\tex/generic/oberdiek\iflua
tex.sty"
Package: ifluatex 2016/05/16 v1.4 Provides the ifluatex switch (HO)
Package ifluatex Info: LuaTeX not detected.
))
("C:\Users\DEPIS01\AppData\Local\Programs\MiKTeX 2.9\tex/generic/oberdiek\pdfte
xcmds.sty"
Package: pdftexcmds 2019/07/25 v0.30 Utility functions of pdfTeX for LuaTeX (HO
)

("C:\Users\DEPIS01\AppData\Local\Programs\MiKTeX 2.9\tex/generic/oberdiek\ltxcm
ds.sty"
Package: ltxcmds 2016/05/16 v1.23 LaTeX kernel commands for general use (HO)
)
Package pdftexcmds Info: LuaTeX not detected.
Package pdftexcmds Info: \pdf@primitive is available.
Package pdftexcmds Info: \pdf@ifprimitive is available.
Package pdftexcmds Info: \pdfdraftmode found.
))
("C:\Users\DEPIS01\AppData\Local\Programs\MiKTeX 2.9\tex/latex/multirow\multiro
w.sty"
Package: multirow 2019/05/31 v2.5 Span multiple rows of a table
\multirow@colwidth=\skip46
\multirow@cntb=\count107
\multirow@dima=\skip47
\bigstrutjot=\dimen123
)
("C:\Users\DEPIS01\AppData\Local\Programs\MiKTeX 2.9\tex/latex/tools\enumerate.
sty"
Package: enumerate 2015/07/23 v3.00 enumerate extensions (DPC)
\@enLab=\toks26
) (Lab01IN.aux
LaTeX Info: Redefining \. on input line 6.
LaTeX Info: Redefining \% on input line 6.
 (Secciones/Actividad01.aux) (Secciones/Actividad02.aux))
\openout1 = `Lab01IN.aux'.

LaTeX Font Info:    Checking defaults for OML/cmm/m/it on input line 18.
LaTeX Font Info:    ... okay on input line 18.
LaTeX Font Info:    Checking defaults for T1/cmr/m/n on input line 18.
LaTeX Font Info:    ... okay on input line 18.
LaTeX Font Info:    Checking defaults for OT1/cmr/m/n on input line 18.
LaTeX Font Info:    ... okay on input line 18.
LaTeX Font Info:    Checking defaults for OMS/cmsy/m/n on input line 18.
LaTeX Font Info:    ... okay on input line 18.
LaTeX Font Info:    Checking defaults for OMX/cmex/m/n on input line 18.
LaTeX Font Info:    ... okay on input line 18.
LaTeX Font Info:    Checking defaults for U/cmr/m/n on input line 18.
LaTeX Font Info:    ... okay on input line 18.
LaTeX Info: Redefining \. on input line 18.
LaTeX Info: Redefining \% on input line 18.

("C:\Users\DEPIS01\AppData\Local\Programs\MiKTeX 2.9\tex/latex/oberdiek\epstopd
f-base.sty"
Package: epstopdf-base 2016/05/15 v2.6 Base part for package epstopdf

("C:\Users\DEPIS01\AppData\Local\Programs\MiKTeX 2.9\tex/latex/oberdiek\grfext.
sty"
Package: grfext 2016/05/16 v1.2 Manage graphics extensions (HO)

("C:\Users\DEPIS01\AppData\Local\Programs\MiKTeX 2.9\tex/generic/oberdiek\kvdef
inekeys.sty"
Package: kvdefinekeys 2016/05/16 v1.4 Define keys (HO)
))
("C:\Users\DEPIS01\AppData\Local\Programs\MiKTeX 2.9\tex/latex/oberdiek\kvoptio
ns.sty"
Package: kvoptions 2016/05/16 v3.12 Key value format for package options (HO)

("C:\Users\DEPIS01\AppData\Local\Programs\MiKTeX 2.9\tex/generic/oberdiek\kvset
keys.sty"
Package: kvsetkeys 2016/05/16 v1.17 Key value parser (HO)
))
Package epstopdf-base Info: Redefining graphics rule for `.eps' on input line 4
38.
Package grfext Info: Graphics extension search list:
(grfext)             [.pdf,.png,.jpg,.mps,.jpeg,.jbig2,.jb2,.PDF,.PNG,.JPG,.JPE
G,.JBIG2,.JB2,.eps]
(grfext)             \AppendGraphicsExtensions on input line 456.
)
*geometry* driver: auto-detecting
*geometry* detected driver: pdftex
*geometry* verbose mode - [ preamble ] result:
* driver: pdftex
* paper: letterpaper
* layout: <same size as paper>
* layoutoffset:(h,v)=(0.0pt,0.0pt)
* modes: 
* h-part:(L,W,R)=(56.9055pt, 500.484pt, 56.9055pt)
* v-part:(T,H,B)=(56.9055pt, 681.15898pt, 56.9055pt)
* \paperwidth=614.295pt
* \paperheight=794.96999pt
* \textwidth=500.484pt
* \textheight=681.15898pt
* \oddsidemargin=-15.36449pt
* \evensidemargin=-15.36449pt
* \topmargin=-52.36449pt
* \headheight=12.0pt
* \headsep=25.0pt
* \topskip=12.0pt
* \footskip=30.0pt
* \marginparwidth=44.0pt
* \marginparsep=10.0pt
* \columnsep=10.0pt
* \skip\footins=10.8pt plus 4.0pt minus 2.0pt
* \hoffset=0.0pt
* \voffset=0.0pt
* \mag=1000
* \@twocolumnfalse
* \@twosidefalse
* \@mparswitchfalse
* \@reversemarginfalse
* (1in=72.27pt=25.4mm, 1cm=28.453pt)

<./Imagenes/logo.jpg, id=1, 276.03125pt x 183.68625pt>
File: ./Imagenes/logo.jpg Graphic file (type jpg)
<use ./Imagenes/logo.jpg>
Package pdftex.def Info: ./Imagenes/logo.jpg  used on input line 38.
(pdftex.def)             Requested size: 227.62204pt x 151.47853pt.
[1

{C:/Users/DEPIS01/AppData/Local/MiKTeX/2.9/pdftex/config/pdftex.map} <./Imagene
s/logo.jpg>] (Lab01IN.toc
LaTeX Info: Redefining \. on input line 1.
LaTeX Info: Redefining \% on input line 1.
)
\tf@toc=\write3
\openout3 = `Lab01IN.toc'.

 [1]
\openout2 = `Secciones/Actividad01.aux'.

 (Secciones/Actividad01.tex
<./Imagenes/image001.png, id=11, 222.8325pt x 200.75pt>
File: ./Imagenes/image001.png Graphic file (type png)
<use ./Imagenes/image001.png>
Package pdftex.def Info: ./Imagenes/image001.png  used on input line 7.
(pdftex.def)             Requested size: 111.41597pt x 100.37474pt.
<./Imagenes/image002.png, id=12, 574.145pt x 622.325pt>
File: ./Imagenes/image002.png Graphic file (type png)
<use ./Imagenes/image002.png>
Package pdftex.def Info: ./Imagenes/image002.png  used on input line 9.
(pdftex.def)             Requested size: 287.0718pt x 311.16173pt.
<./Imagenes/image003.png, id=13, 271.0125pt x 224.33812pt>
File: ./Imagenes/image003.png Graphic file (type png)
<use ./Imagenes/image003.png>
Package pdftex.def Info: ./Imagenes/image003.png  used on input line 11.
(pdftex.def)             Requested size: 135.5059pt x 112.16878pt.
 [1

 <./Imagenes/image001.png> <./Imagenes/image002.png>]
<./Imagenes/image004.png, id=18, 557.08125pt x 352.31625pt>
File: ./Imagenes/image004.png Graphic file (type png)
<use ./Imagenes/image004.png>
Package pdftex.def Info: ./Imagenes/image004.png  used on input line 13.
(pdftex.def)             Requested size: 278.53995pt x 176.15768pt.
<./Imagenes/image005.png, id=19, 851.18pt x 687.56876pt>
File: ./Imagenes/image005.png Graphic file (type png)
<use ./Imagenes/image005.png>
Package pdftex.def Info: ./Imagenes/image005.png  used on input line 15.
(pdftex.def)             Requested size: 425.58894pt x 343.78354pt.
 [2 <./Imagenes/image003.png> <./Imagenes/image004.png>]
<./Imagenes/image006.png, id=23, 168.63pt x 361.35pt>
File: ./Imagenes/image006.png Graphic file (type png)
<use ./Imagenes/image006.png>
Package pdftex.def Info: ./Imagenes/image006.png  used on input line 17.
(pdftex.def)             Requested size: 84.31479pt x 180.67456pt.
<./Imagenes/image007.png, id=24, 244.915pt x 144.54pt>
File: ./Imagenes/image007.png Graphic file (type png)
<use ./Imagenes/image007.png>
Package pdftex.def Info: ./Imagenes/image007.png  used on input line 19.
(pdftex.def)             Requested size: 122.45718pt x 72.2698pt.
<./Imagenes/image008.png, id=25, 852.18375pt x 679.53876pt>
File: ./Imagenes/image008.png Graphic file (type png)
<use ./Imagenes/image008.png>
Package pdftex.def Info: ./Imagenes/image008.png  used on input line 22.
(pdftex.def)             Requested size: 426.09082pt x 339.76855pt.

Overfull \hbox (42.22227pt too wide) in paragraph at lines 20--23
[]\OT1/cmr/m/n/12 9. En el cua-dro de dia-lo-go Na-ve-ga-dor (Na-vi-ga-tor), se
-lec-cio-nar la vis-ta Sa-les.vStoreWithDemographics,
 []

[3 <./Imagenes/image005.png> <./Imagenes/image006.png> <./Imagenes/image007.png
>]
<./Imagenes/image009.png, id=29, 183.68625pt x 325.215pt>
File: ./Imagenes/image009.png Graphic file (type png)
<use ./Imagenes/image009.png>
Package pdftex.def Info: ./Imagenes/image009.png  used on input line 24.
(pdftex.def)             Requested size: 91.84288pt x 162.6071pt.
<./Imagenes/image010.png, id=30, 582.175pt x 625.33624pt>
File: ./Imagenes/image010.png Graphic file (type png)
<use ./Imagenes/image010.png>
Package pdftex.def Info: ./Imagenes/image010.png  used on input line 26.
(pdftex.def)             Requested size: 291.08679pt x 312.66736pt.
 [4 <./Imagenes/image008.png> <./Imagenes/image009.png>]
Underfull \hbox (badness 10000) in paragraph at lines 27--28

 []


Overfull \hbox (15.80408pt too wide) in paragraph at lines 28--32
\OT1/cmr/m/n/12 SELECT TOP 10 P.ProductID, P.Name AS Pro-duct, SUM(CAST(LineTot
al AS de-ci-mal(18,2)))
 []


Overfull \hbox (28.15979pt too wide) in paragraph at lines 28--32
\OT1/cmr/m/n/12 AS Li-ne-To-tal FROM Pur-cha-sing.PurchaseOrderDetail AS POD IN
-NER JOIN Pro-duc-tion.Product
 []


Underfull \hbox (badness 10000) in paragraph at lines 28--32

 []

<./Imagenes/image011.png, id=34, 690.58pt x 647.41875pt>
File: ./Imagenes/image011.png Graphic file (type png)
<use ./Imagenes/image011.png>
Package pdftex.def Info: ./Imagenes/image011.png  used on input line 33.
(pdftex.def)             Requested size: 345.28915pt x 323.70857pt.
[5 <./Imagenes/image010.png>]
<./Imagenes/image012.png, id=39, 656.4525pt x 635.37375pt>
File: ./Imagenes/image012.png Graphic file (type png)
<use ./Imagenes/image012.png>
Package pdftex.def Info: ./Imagenes/image012.png  used on input line 35.
(pdftex.def)             Requested size: 328.22545pt x 317.6861pt.
<./Imagenes/image013.png, id=40, 151.56625pt x 116.435pt>
File: ./Imagenes/image013.png Graphic file (type png)
<use ./Imagenes/image013.png>
Package pdftex.def Info: ./Imagenes/image013.png  used on input line 37.
(pdftex.def)             Requested size: 75.78293pt x 58.21735pt.
 [6 <./Imagenes/image011.png> <./Imagenes/image012.png>]
<./Imagenes/image014.png, id=44, 177.66376pt x 246.9225pt>
File: ./Imagenes/image014.png Graphic file (type png)
<use ./Imagenes/image014.png>
Package pdftex.def Info: ./Imagenes/image014.png  used on input line 39.
(pdftex.def)             Requested size: 88.83165pt x 123.46094pt.
) [7 <./Imagenes/image013.png> <./Imagenes/image014.png>]
\openout2 = `Secciones/Actividad02.aux'.


(Secciones/Actividad02.tex
<./Imagenes/image015.png, id=48, 175.65625pt x 153.57375pt>
File: ./Imagenes/image015.png Graphic file (type png)
<use ./Imagenes/image015.png>
Package pdftex.def Info: ./Imagenes/image015.png  used on input line 7.
(pdftex.def)             Requested size: 87.8279pt x 76.78668pt.
<./Imagenes/image016.png, id=49, 179.67125pt x 69.25874pt>
File: ./Imagenes/image016.png Graphic file (type png)
<use ./Imagenes/image016.png>
Package pdftex.def Info: ./Imagenes/image016.png  used on input line 10.
(pdftex.def)             Requested size: 143.73717pt x 55.40706pt.
<./Imagenes/image017.png, id=50, 522.95375pt x 453.695pt>
File: ./Imagenes/image017.png Graphic file (type png)
<use ./Imagenes/image017.png>
Package pdftex.def Info: ./Imagenes/image017.png  used on input line 13.
(pdftex.def)             Requested size: 261.47623pt x 226.84694pt.
<./Imagenes/image018.png, id=51, 126.4725pt x 48.18pt>
File: ./Imagenes/image018.png Graphic file (type png)
<use ./Imagenes/image018.png>
Package pdftex.def Info: ./Imagenes/image018.png  used on input line 15.
(pdftex.def)             Requested size: 101.17813pt x 38.54402pt.

Underfull \hbox (badness 10000) in paragraph at lines 16--17

 []


Underfull \hbox (badness 10000) in paragraph at lines 19--20

 []

<./Imagenes/image019.png, id=52, 156.585pt x 176.66pt>
File: ./Imagenes/image019.png Graphic file (type png)
<use ./Imagenes/image019.png>
Package pdftex.def Info: ./Imagenes/image019.png  used on input line 21.
(pdftex.def)             Requested size: 78.2923pt x 88.32977pt.
<./Imagenes/image020.png, id=53, 146.5475pt x 209.78375pt>
File: ./Imagenes/image020.png Graphic file (type png)
<use ./Imagenes/image020.png>
Package pdftex.def Info: ./Imagenes/image020.png  used on input line 22.
(pdftex.def)             Requested size: 117.23813pt x 167.82721pt.
[8


 <./Imagenes/image015.png> <./Imagenes/image016.png> <./Imagenes/image017.png> 
<./Imagenes/image018.png>]
<./Imagenes/image021.png, id=57, 177.66376pt x 66.2475pt>
File: ./Imagenes/image021.png Graphic file (type png)
<use ./Imagenes/image021.png>
Package pdftex.def Info: ./Imagenes/image021.png  used on input line 24.
(pdftex.def)             Requested size: 88.83165pt x 33.12366pt.
<./Imagenes/image022.png, id=58, 173.64874pt x 69.25874pt>
File: ./Imagenes/image022.png Graphic file (type png)
<use ./Imagenes/image022.png>
Package pdftex.def Info: ./Imagenes/image022.png  used on input line 26.
(pdftex.def)             Requested size: 86.82416pt x 34.62927pt.
<./Imagenes/image023.png, id=59, 450.68375pt x 296.10625pt>
File: ./Imagenes/image023.png Graphic file (type png)
<use ./Imagenes/image023.png>
Package pdftex.def Info: ./Imagenes/image023.png  used on input line 29.
(pdftex.def)             Requested size: 225.34131pt x 148.05275pt.
<./Imagenes/image024.png, id=60, 139.52126pt x 105.39375pt>
File: ./Imagenes/image024.png Graphic file (type png)
<use ./Imagenes/image024.png>
Package pdftex.def Info: ./Imagenes/image024.png  used on input line 31.
(pdftex.def)             Requested size: 69.76045pt x 52.69673pt.

Underfull \hbox (badness 10000) in paragraph at lines 33--34

 []

[9 <./Imagenes/image019.png> <./Imagenes/image020.png> <./Imagenes/image021.png
> <./Imagenes/image022.png> <./Imagenes/image023.png> <./Imagenes/image024.png>
]
<./Imagenes/image026.png, id=64, 510.90875pt x 437.635pt>
File: ./Imagenes/image026.png Graphic file (type png)
<use ./Imagenes/image026.png>
Package pdftex.def Info: ./Imagenes/image026.png  used on input line 36.
(pdftex.def)             Requested size: 255.45375pt x 218.81696pt.

Underfull \hbox (badness 10000) in paragraph at lines 38--39

 []

<./Imagenes/image027.png, id=65, 515.9275pt x 405.515pt>
File: ./Imagenes/image027.png Graphic file (type png)
<use ./Imagenes/image027.png>
Package pdftex.def Info: ./Imagenes/image027.png  used on input line 40.
(pdftex.def)             Requested size: 412.74255pt x 324.41243pt.

Underfull \hbox (badness 10000) in paragraph at lines 42--43

 []

[10 <./Imagenes/image026.png> <./Imagenes/image027.png>]
Underfull \hbox (badness 10000) in paragraph at lines 44--45

 []

File: ./Imagenes/image026.png Graphic file (type png)
<use ./Imagenes/image026.png>
Package pdftex.def Info: ./Imagenes/image026.png  used on input line 48.
(pdftex.def)             Requested size: 255.45375pt x 218.81696pt.
<./Imagenes/image028.png, id=69, 492.84125pt x 289.08pt>
File: ./Imagenes/image028.png Graphic file (type png)
<use ./Imagenes/image028.png>
Package pdftex.def Info: ./Imagenes/image028.png  used on input line 50.
(pdftex.def)             Requested size: 246.42001pt x 144.53964pt.

Underfull \hbox (badness 10000) in paragraph at lines 51--52

 []


Underfull \hbox (badness 10000) in paragraph at lines 55--56

 []


Underfull \hbox (badness 10000) in paragraph at lines 56--57

 []

[11 <./Imagenes/image028.png>]
Underfull \hbox (badness 10000) in paragraph at lines 59--60

 []

<./Imagenes/image029.png, id=74, 481.8pt x 288.07625pt>
File: ./Imagenes/image029.png Graphic file (type png)
<use ./Imagenes/image029.png>
Package pdftex.def Info: ./Imagenes/image029.png  used on input line 61.
(pdftex.def)             Requested size: 240.8994pt x 144.03777pt.
<./Imagenes/image030.png, id=75, 476.78125pt x 286.06876pt>
File: ./Imagenes/image030.png Graphic file (type png)
<use ./Imagenes/image030.png>
Package pdftex.def Info: ./Imagenes/image030.png  used on input line 62.
(pdftex.def)             Requested size: 238.39003pt x 143.03403pt.

Overfull \hbox (10.79121pt too wide) in paragraph at lines 61--63
[][] [] 
 []

) [12 <./Imagenes/image029.png> <./Imagenes/image030.png>] (Lab01IN.aux
LaTeX Info: Redefining \. on input line 6.
LaTeX Info: Redefining \% on input line 6.

(Secciones/Actividad01.aux) (Secciones/Actividad02.aux)) ) 
Here is how much of TeX's memory you used:
 3512 strings out of 492895
 52079 string characters out of 3122801
 132991 words of memory out of 3000000
 7327 multiletter control sequences out of 15000+200000
 9100 words of font info for 33 fonts, out of 3000000 for 9000
 1141 hyphenation exceptions out of 8191
 34i,5n,31p,335b,361s stack positions out of 5000i,500n,10000p,200000b,50000s
<C:/Users/DEPIS01/App
Data/Local/Programs/MiKTeX 2.9/fonts/type1/public/amsfonts/cm/cmbx12.pfb><C:/Us
ers/DEPIS01/AppData/Local/Programs/MiKTeX 2.9/fonts/type1/public/amsfonts/cm/cm
r12.pfb><C:/Users/DEPIS01/AppData/Local/Programs/MiKTeX 2.9/fonts/type1/public/
amsfonts/cm/cmsy10.pfb>
Output written on Lab01IN.pdf (14 pages, 289283 bytes).
PDF statistics:
 90 PDF objects out of 1000 (max. 8388607)
 0 named destinations out of 1000 (max. 500000)
 151 words of extra memory for PDF output out of 10000 (max. 10000000)

